<?xml version="1.0" encoding="UTF-8"?>
<!-- Generated by org.testng.reporters.JUnitReportReporter -->
<testsuite hostname="DESKTOP-MGUTKMH" failures="0" tests="1" name="forutility.EmployeeTest" time="1.745" errors="0" timestamp="2024-12-19T13:21:53 IST" skipped="0">
  <testcase classname="forutility.EmployeeTest" name="addEmployeeWithoutEmailTest" time="1.745"/>
  <system-out/>
</testsuite> <!-- forutility.EmployeeTest -->
