<?xml version="1.0" encoding="UTF-8"?>
<!-- Generated by org.testng.reporters.JUnitReportReporter -->
<testsuite hostname="DESKTOP-MGUTKMH" failures="0" tests="2" name="com.ninza.hrm.api.projecttest.ProjectTest" time="0.312" errors="0" timestamp="2024-10-30T13:46:15 IST" skipped="0">
  <testcase classname="com.ninza.hrm.api.projecttest.ProjectTest" name="addDuplicateProject" time="0.154"/>
  <system-out/>
  <testcase classname="com.ninza.hrm.api.projecttest.ProjectTest" name="addSingleProjectWithCreated" time="0.158"/>
  <system-out/>
</testsuite> <!-- com.ninza.hrm.api.projecttest.ProjectTest -->
