<?xml version="1.0" encoding="UTF-8"?>
<!-- Generated by org.testng.reporters.JUnitReportReporter -->
<testsuite hostname="DESKTOP-MGUTKMH" failures="0" tests="1" name="com.ninza.hrm.api.employeetest.EmployeeTest" time="2.122" errors="0" timestamp="2024-11-21T13:14:44 IST" skipped="0">
  <testcase classname="com.ninza.hrm.api.employeetest.EmployeeTest" name="addEmployeTest" time="2.122"/>
  <system-out/>
</testsuite> <!-- com.ninza.hrm.api.employeetest.EmployeeTest -->
