<?xml version="1.0" encoding="UTF-8"?>
<!-- Generated by org.testng.reporters.JUnitReportReporter -->
<testsuite hostname="DESKTOP-MGUTKMH" failures="0" tests="1" name="PracticeOwn.ProjectCreation" time="1.930" errors="0" timestamp="2024-12-19T13:31:11 IST" skipped="0">
  <testcase classname="PracticeOwn.ProjectCreation" name="projectCreation" time="1.930"/>
  <system-out/>
</testsuite> <!-- PracticeOwn.ProjectCreation -->
