<?xml version="1.0" encoding="UTF-8"?>
<!-- Generated by org.testng.reporters.JUnitReportReporter -->
<testsuite hostname="DESKTOP-MGUTKMH" failures="0" tests="1" name="PracticeOwn.SchemaValidation" time="2.756" errors="0" timestamp="2024-12-19T15:43:29 IST" skipped="0">
  <testcase classname="PracticeOwn.SchemaValidation" name="schemaValidate" time="2.756"/>
  <system-out/>
</testsuite> <!-- PracticeOwn.SchemaValidation -->
